<?xml version="1.0" encoding="UTF-8"?>
<!-- Generated by org.testng.reporters.JUnitXMLReporter -->
<testsuite hostname="Sathishs-MacBook-Pro.local" ignored="1" name="Test" tests="2" failures="0" timestamp="11 Oct 2018 07:03:14 GMT" time="6.192" errors="0">
  <testcase name="sample" time="0.005" classname="common.BaseTest"/>
  <testcase name="sample" time="0.003" classname="common.BaseTest"/>
  <testcase name="@BeforeSuite setup" time="0.0" classname="common.BaseTest">
    <ignored/>
  </testcase> <!-- @BeforeSuite setup -->
</testsuite> <!-- Test -->
