<?xml version="1.0" encoding="UTF-8"?>
<testng-results skipped="0" failed="0" ignored="0" total="2" passed="2">
  <reporter-output>
  </reporter-output>
  <suite name="Default suite" duration-ms="13809" started-at="2018-10-14T14:20:48Z" finished-at="2018-10-14T14:21:02Z">
    <groups>
      <group name="TC-2">
        <method signature="homeTest.recipeDetailsTest()[pri:0, instance:Tests.homeTest@28ac3dc3]" name="recipeDetailsTest" class="Tests.homeTest"/>
      </group> <!-- TC-2 -->
      <group name="TC-1">
        <method signature="homeTest.recipePreviewTest()[pri:0, instance:Tests.homeTest@28ac3dc3]" name="recipePreviewTest" class="Tests.homeTest"/>
      </group> <!-- TC-1 -->
      <group name="Recipe Assistant">
        <method signature="homeTest.recipeDetailsTest()[pri:0, instance:Tests.homeTest@28ac3dc3]" name="recipeDetailsTest" class="Tests.homeTest"/>
        <method signature="homeTest.recipePreviewTest()[pri:0, instance:Tests.homeTest@28ac3dc3]" name="recipePreviewTest" class="Tests.homeTest"/>
      </group> <!-- Recipe Assistant -->
      <group name="Home Page">
        <method signature="homeTest.recipeDetailsTest()[pri:0, instance:Tests.homeTest@28ac3dc3]" name="recipeDetailsTest" class="Tests.homeTest"/>
        <method signature="homeTest.recipePreviewTest()[pri:0, instance:Tests.homeTest@28ac3dc3]" name="recipePreviewTest" class="Tests.homeTest"/>
      </group> <!-- Home Page -->
      <group name="priority-major">
        <method signature="homeTest.recipeDetailsTest()[pri:0, instance:Tests.homeTest@28ac3dc3]" name="recipeDetailsTest" class="Tests.homeTest"/>
      </group> <!-- priority-major -->
      <group name="priority-minor">
        <method signature="homeTest.recipePreviewTest()[pri:0, instance:Tests.homeTest@28ac3dc3]" name="recipePreviewTest" class="Tests.homeTest"/>
      </group> <!-- priority-minor -->
    </groups>
    <test name="Default test" duration-ms="13809" started-at="2018-10-14T14:20:48Z" finished-at="2018-10-14T14:21:02Z">
      <class name="Tests.homeTest">
        <test-method status="PASS" signature="setup()[pri:0, instance:Tests.homeTest@28ac3dc3]" name="setup" is-config="true" duration-ms="22573" started-at="2018-10-14T14:20:26Z" finished-at="2018-10-14T14:20:48Z">
          <reporter-output>
          </reporter-output>
        </test-method> <!-- setup -->
        <test-method status="PASS" signature="initializeApp()[pri:0, instance:Tests.homeTest@28ac3dc3]" name="initializeApp" is-config="true" duration-ms="7" started-at="2018-10-14T14:20:48Z" finished-at="2018-10-14T14:20:48Z">
          <reporter-output>
          </reporter-output>
        </test-method> <!-- initializeApp -->
        <test-method status="PASS" signature="beforeEachTest()[pri:0, instance:Tests.homeTest@28ac3dc3]" name="beforeEachTest" is-config="true" duration-ms="3312" started-at="2018-10-14T14:20:48Z" finished-at="2018-10-14T14:20:51Z">
          <reporter-output>
          </reporter-output>
        </test-method> <!-- beforeEachTest -->
        <test-method status="PASS" signature="recipeDetailsTest()[pri:0, instance:Tests.homeTest@28ac3dc3]" name="recipeDetailsTest" duration-ms="2781" started-at="2018-10-14T14:20:51Z" finished-at="2018-10-14T14:20:54Z">
          <reporter-output>
          </reporter-output>
        </test-method> <!-- recipeDetailsTest -->
        <test-method status="PASS" signature="afterEachTest()[pri:0, instance:Tests.homeTest@28ac3dc3]" name="afterEachTest" is-config="true" duration-ms="223" started-at="2018-10-14T14:20:54Z" finished-at="2018-10-14T14:20:55Z">
          <reporter-output>
          </reporter-output>
        </test-method> <!-- afterEachTest -->
        <test-method status="PASS" signature="beforeEachTest()[pri:0, instance:Tests.homeTest@28ac3dc3]" name="beforeEachTest" is-config="true" duration-ms="3446" started-at="2018-10-14T14:20:55Z" finished-at="2018-10-14T14:20:58Z">
          <reporter-output>
          </reporter-output>
        </test-method> <!-- beforeEachTest -->
        <test-method status="PASS" signature="recipePreviewTest()[pri:0, instance:Tests.homeTest@28ac3dc3]" name="recipePreviewTest" duration-ms="3748" started-at="2018-10-14T14:20:58Z" finished-at="2018-10-14T14:21:02Z">
          <reporter-output>
          </reporter-output>
        </test-method> <!-- recipePreviewTest -->
        <test-method status="PASS" signature="afterEachTest()[pri:0, instance:Tests.homeTest@28ac3dc3]" name="afterEachTest" is-config="true" duration-ms="240" started-at="2018-10-14T14:21:02Z" finished-at="2018-10-14T14:21:02Z">
          <reporter-output>
          </reporter-output>
        </test-method> <!-- afterEachTest -->
        <test-method status="PASS" signature="teardown()[pri:0, instance:Tests.homeTest@28ac3dc3]" name="teardown" is-config="true" duration-ms="177" started-at="2018-10-14T14:21:02Z" finished-at="2018-10-14T14:21:02Z">
          <reporter-output>
          </reporter-output>
        </test-method> <!-- teardown -->
      </class> <!-- Tests.homeTest -->
    </test> <!-- Default test -->
  </suite> <!-- Default suite -->
</testng-results>
